<?xml version="1.0" encoding="UTF-8"?>
<testsuite xmlns:xsi="http://www.w3.org/2001/XMLSchema-instance" xsi:noNamespaceSchemaLocation="https://maven.apache.org/surefire/maven-surefire-plugin/xsd/surefire-test-report-3.0.xsd" version="3.0" name="com.demo.resortslite.BookingServiceTest" time="0.429" tests="47" errors="4" skipped="0" failures="0">
  <properties>
[...]
</properties>
  <testcase name="generateReport_withSpecialCharacters_handlesGracefully" classname="com.demo.resortslite.BookingServiceTest" time="0.304"/>
  <testcase name="generateReport_includesPaymentApiUrl" classname="com.demo.resortslite.BookingServiceTest" time="0.001"/>
  <testcase name="createBooking_withEmptyGuestName_stillCreates" classname="com.demo.resortslite.BookingServiceTest" time="0.033"/>
  <testcase name="getBookingById_withNonExistentId_returnsError" classname="com.demo.resortslite.BookingServiceTest" time="0.007"/>
  <testcase name="calculateRoomPrice_negativeNights_returnsNegativePrice" classname="com.demo.resortslite.BookingServiceTest" time="0.003"/>
  <testcase name="isRoomAvailable_standardRoom_returnsTrue" classname="com.demo.resortslite.BookingServiceTest" time="0.001"/>
  <testcase name="calculateRoomPrice_goldLoyalty_appliesDiscount" classname="com.demo.resortslite.BookingServiceTest" time="0.001"/>
  <testcase name="isRoomAvailable_villaRoom_returnsTrue" classname="com.demo.resortslite.BookingServiceTest" time="0.001"/>
  <testcase name="calculateRoomPrice_platinumLoyalty_appliesDiscount" classname="com.demo.resortslite.BookingServiceTest" time="0.001"/>
  <testcase name="calculateRoomPrice_withNullSeason_handlesGracefully" classname="com.demo.resortslite.BookingServiceTest" time="0.008">
    <error message="Cannot invoke &quot;String.equals(Object)&quot; because &quot;season&quot; is null" type="java.lang.NullPointerException"><![CDATA[java.lang.NullPointerException: Cannot invoke "String.equals(Object)" because "season" is null
	at com.demo.resortslite.BookingService.calculateRoomPrice(BookingService.java:81)
	at com.demo.resortslite.BookingServiceTest.calculateRoomPrice_withNullSeason_handlesGracefully(BookingServiceTest.java:396)
	at java.base/java.lang.reflect.Method.invoke(Method.java:580)
	at java.base/java.util.ArrayList.forEach(ArrayList.java:1596)
	at java.base/java.util.ArrayList.forEach(ArrayList.java:1596)
]]></error>
  </testcase>
  <testcase name="getBookingById_withEmptyId_callsDatabase" classname="com.demo.resortslite.BookingServiceTest" time="0.002"/>
  <testcase name="generateReport_withValidMonth_returnsMessage" classname="com.demo.resortslite.BookingServiceTest" time="0.002"/>
  <testcase name="generateReport_withEmptyMonth_returnsMessage" classname="com.demo.resortslite.BookingServiceTest" time="0.001"/>
  <testcase name="calculateRoomPrice_suiteRoom_regularSeason_noLoyalty" classname="com.demo.resortslite.BookingServiceTest" time="0.001"/>
  <testcase name="calculateRoomPrice_combinedDiscounts_peakSeasonAndGold" classname="com.demo.resortslite.BookingServiceTest" time="0"/>
  <testcase name="createBooking_generatesUniqueBookingId" classname="com.demo.resortslite.BookingServiceTest" time="0.003"/>
  <testcase name="getBookingById_withNullId_handlesGracefully" classname="com.demo.resortslite.BookingServiceTest" time="0.001"/>
  <testcase name="createBooking_generatesConfirmationCode" classname="com.demo.resortslite.BookingServiceTest" time="0.002"/>
  <testcase name="generateReport_withNullMonth_returnsMessage" classname="com.demo.resortslite.BookingServiceTest" time="0.001"/>
  <testcase name="isRoomAvailable_nullRoomType_returnsFalse" classname="com.demo.resortslite.BookingServiceTest" time="0.001">
    <error message="Cannot invoke &quot;String.equals(Object)&quot; because &quot;roomType&quot; is null" type="java.lang.NullPointerException"><![CDATA[java.lang.NullPointerException: Cannot invoke "String.equals(Object)" because "roomType" is null
	at com.demo.resortslite.BookingService.isRoomAvailable(BookingService.java:96)
	at com.demo.resortslite.BookingServiceTest.isRoomAvailable_nullRoomType_returnsFalse(BookingServiceTest.java:472)
	at java.base/java.lang.reflect.Method.invoke(Method.java:580)
	at java.base/java.util.ArrayList.forEach(ArrayList.java:1596)
	at java.base/java.util.ArrayList.forEach(ArrayList.java:1596)
]]></error>
  </testcase>
  <testcase name="calculateRoomPrice_diamondLoyalty_appliesDiscount" classname="com.demo.resortslite.BookingServiceTest" time="0.001"/>
  <testcase name="isRoomAvailable_mixedCaseRoomType_returnsFalse" classname="com.demo.resortslite.BookingServiceTest" time="0"/>
  <testcase name="calculateRoomPrice_standardRoom_regularSeason_noLoyalty" classname="com.demo.resortslite.BookingServiceTest" time="0.001"/>
  <testcase name="createBooking_withSpecialCharactersInGuestName_processes" classname="com.demo.resortslite.BookingServiceTest" time="0.001"/>
  <testcase name="calculateRoomPrice_zeroNights_returnsZero" classname="com.demo.resortslite.BookingServiceTest" time="0.001"/>
  <testcase name="calculateRoomPrice_peakSeason_increasesPrice" classname="com.demo.resortslite.BookingServiceTest" time="0.001"/>
  <testcase name="calculateRoomPrice_withNullLoyalty_handlesGracefully" classname="com.demo.resortslite.BookingServiceTest" time="0.001">
    <error message="Cannot invoke &quot;String.equals(Object)&quot; because &quot;loyalty&quot; is null" type="java.lang.NullPointerException"><![CDATA[java.lang.NullPointerException: Cannot invoke "String.equals(Object)" because "loyalty" is null
	at com.demo.resortslite.BookingService.calculateRoomPrice(BookingService.java:83)
	at com.demo.resortslite.BookingServiceTest.calculateRoomPrice_withNullLoyalty_handlesGracefully(BookingServiceTest.java:406)
	at java.base/java.lang.reflect.Method.invoke(Method.java:580)
	at java.base/java.util.ArrayList.forEach(ArrayList.java:1596)
	at java.base/java.util.ArrayList.forEach(ArrayList.java:1596)
]]></error>
  </testcase>
  <testcase name="isRoomAvailable_emptyRoomType_returnsFalse" classname="com.demo.resortslite.BookingServiceTest" time="0.001"/>
  <testcase name="calculateRoomPrice_unknownRoomType_usesDefaultPrice" classname="com.demo.resortslite.BookingServiceTest" time="0.001"/>
  <testcase name="calculateRoomPrice_fourteenNights_appliesDiscount" classname="com.demo.resortslite.BookingServiceTest" time="0.001"/>
  <testcase name="calculateRoomPrice_withNullRoomType_handlesGracefully" classname="com.demo.resortslite.BookingServiceTest" time="0.002">
    <error message="Cannot invoke &quot;String.equals(Object)&quot; because &quot;roomType&quot; is null" type="java.lang.NullPointerException"><![CDATA[java.lang.NullPointerException: Cannot invoke "String.equals(Object)" because "roomType" is null
	at com.demo.resortslite.BookingService.calculateRoomPrice(BookingService.java:76)
	at com.demo.resortslite.BookingServiceTest.calculateRoomPrice_withNullRoomType_handlesGracefully(BookingServiceTest.java:386)
	at java.base/java.lang.reflect.Method.invoke(Method.java:580)
	at java.base/java.util.ArrayList.forEach(ArrayList.java:1596)
	at java.base/java.util.ArrayList.forEach(ArrayList.java:1596)
]]></error>
  </testcase>
  <testcase name="isRoomAvailable_unknownRoomType_returnsFalse" classname="com.demo.resortslite.BookingServiceTest" time="0.001"/>
  <testcase name="isRoomAvailable_deluxeRoom_returnsTrue" classname="com.demo.resortslite.BookingServiceTest" time="0.001"/>
  <testcase name="createBooking_bookingIdStartsWithBK" classname="com.demo.resortslite.BookingServiceTest" time="0.002"/>
  <testcase name="createBooking_withValidParameters_createsBooking" classname="com.demo.resortslite.BookingServiceTest" time="0.001"/>
  <testcase name="getBookingById_withValidId_returnsBooking" classname="com.demo.resortslite.BookingServiceTest" time="0.002"/>
  <testcase name="isRoomAvailable_suiteRoom_returnsTrue" classname="com.demo.resortslite.BookingServiceTest" time="0.001"/>
  <testcase name="calculateRoomPrice_deluxeRoom_regularSeason_noLoyalty" classname="com.demo.resortslite.BookingServiceTest" time="0.001"/>
  <testcase name="calculateRoomPrice_villaRoom_regularSeason_noLoyalty" classname="com.demo.resortslite.BookingServiceTest" time="0.001"/>
  <testcase name="createBooking_withNullParameters_handlesGracefully" classname="com.demo.resortslite.BookingServiceTest" time="0.001"/>
  <testcase name="calculateRoomPrice_offSeason_decreasesPrice" classname="com.demo.resortslite.BookingServiceTest" time="0.001"/>
  <testcase name="calculateRoomPrice_combinedDiscounts_offSeasonAndPlatinum" classname="com.demo.resortslite.BookingServiceTest" time="0.001"/>
  <testcase name="calculateRoomPrice_sevenNights_appliesDiscount" classname="com.demo.resortslite.BookingServiceTest" time="0.001"/>
  <testcase name="constructor_withValidJdbcTemplate_createsInstance" classname="com.demo.resortslite.BookingServiceTest" time="0.001"/>
  <testcase name="constructor_withNullJdbcTemplate_createsInstance" classname="com.demo.resortslite.BookingServiceTest" time="0.001"/>
  <testcase name="getBookingById_withDatabaseException_returnsErrorMessage" classname="com.demo.resortslite.BookingServiceTest" time="0.001"/>
  <testcase name="isRoomAvailable_lowercaseRoomType_returnsFalse" classname="com.demo.resortslite.BookingServiceTest" time="0.001"/>
</testsuite>